生成启动时间为 2024/9/25 23:18:41。
     1>项目“D:\c\study\初识常见关键字\初识常见关键字\初识常见关键字.vcxproj”在节点 2 上(Build 个目标)。
     1>ClCompile:
         D:\bian——c\VC\bin\CL.exe /c /ZI /nologo /W3 /WX- /sdl /Od /Oy- /D _UNICODE /D UNICODE /Gm /EHsc /RTC1 /MDd /GS /fp:precise /Zc:wchar_t /Zc:forScope /Fo"Debug\\" /Fd"Debug\vc120.pdb" /Gd /TC /analyze- /errorReport:prompt "源2.c"
         源2.c
     1>d:\c\study\初识常见关键字\初识常见关键字\源2.c(10): warning C4013: “scanf”未定义；假设外部返回 int
       Link:
         D:\bian——c\VC\bin\link.exe /ERRORREPORT:PROMPT /OUT:"D:\c\study\初识常见关键字\Debug\初识常见关键字.exe" /INCREMENTAL /NOLOGO kernel32.lib user32.lib gdi32.lib winspool.lib comdlg32.lib advapi32.lib shell32.lib ole32.lib oleaut32.lib uuid.lib odbc32.lib odbccp32.lib /MANIFEST /MANIFESTUAC:"level='asInvoker' uiAccess='false'" /manifest:embed /DEBUG /PDB:"D:\c\study\初识常见关键字\Debug\初识常见关键字.pdb" /SUBSYSTEM:CONSOLE /TLBID:1 /DYNAMICBASE /NXCOMPAT /IMPLIB:"D:\c\study\初识常见关键字\Debug\初识常见关键字.lib" /MACHINE:X86 "Debug\源1.obj"
         "Debug\源2.obj"
     1>源2.obj : error LNK2019: 无法解析的外部符号 _add，该符号在函数 _main 中被引用
     1>D:\c\study\初识常见关键字\Debug\初识常见关键字.exe : fatal error LNK1120: 1 个无法解析的外部命令
     1>已完成生成项目“D:\c\study\初识常见关键字\初识常见关键字\初识常见关键字.vcxproj”(Build 个目标)的操作 - 失败。

生成失败。

已用时间 00:00:00.21
